<?xml version="1.0" encoding="UTF-8"?>
<!-- Generated by org.testng.reporters.JUnitXMLReporter -->
<testsuite hostname="bakais-MacBook-Pro.local" ignored="1" name="Basic Test2" tests="4" failures="0" timestamp="26 May 2022 01:09:29 GMT" time="0.026" errors="0">
  <testcase name="watermelon" time="0.001" classname="Attributes.Priority"/>
  <testcase name="testCase2" time="0.0" classname="Attributes.DependsOn2"/>
  <testcase name="testCase3" time="0.001" classname="Attributes.DependsOn2"/>
  <testcase name="testCase3" time="0.0" classname="Attributes.DependsOn"/>
  <testcase name="jira" time="0.0" classname="Attributes.Enabled">
    <ignored/>
  </testcase> <!-- jira -->
</testsuite> <!-- Basic Test2 -->
