<?xml version="1.0" encoding="UTF-8"?>
<testng-results skipped="0" failed="0" ignored="1" total="6" passed="5">
  <reporter-output>
  </reporter-output>
  <suite name="Basic Suite" duration-ms="99" started-at="2022-05-26T01:09:29Z" finished-at="2022-05-26T01:09:29Z">
    <groups>
    </groups>
    <test name="Basic Test1" duration-ms="24" started-at="2022-05-26T01:09:29Z" finished-at="2022-05-26T01:09:29Z">
      <class name="Annotations.Basic">
        <test-method status="PASS" signature="beforeTest()[pri:0, instance:Annotations.Basic@34033bd0]" name="beforeTest" is-config="true" duration-ms="1" started-at="2022-05-26T01:09:29Z" finished-at="2022-05-26T01:09:29Z">
          <reporter-output>
          </reporter-output>
        </test-method> <!-- beforeTest -->
        <test-method status="PASS" signature="beforeClass()[pri:0, instance:Annotations.Basic@34033bd0]" name="beforeClass" is-config="true" duration-ms="1" started-at="2022-05-26T01:09:29Z" finished-at="2022-05-26T01:09:29Z">
          <reporter-output>
          </reporter-output>
        </test-method> <!-- beforeClass -->
        <test-method status="PASS" signature="beforeMethod()[pri:0, instance:Annotations.Basic@34033bd0]" name="beforeMethod" is-config="true" duration-ms="0" started-at="2022-05-26T01:09:29Z" finished-at="2022-05-26T01:09:29Z">
          <reporter-output>
          </reporter-output>
        </test-method> <!-- beforeMethod -->
        <test-method status="PASS" signature="test()[pri:0, instance:Annotations.Basic@34033bd0]" name="test" duration-ms="3" started-at="2022-05-26T01:09:29Z" finished-at="2022-05-26T01:09:29Z">
          <reporter-output>
          </reporter-output>
        </test-method> <!-- test -->
        <test-method status="PASS" signature="afterMethod()[pri:0, instance:Annotations.Basic@34033bd0]" name="afterMethod" is-config="true" duration-ms="0" started-at="2022-05-26T01:09:29Z" finished-at="2022-05-26T01:09:29Z">
          <reporter-output>
          </reporter-output>
        </test-method> <!-- afterMethod -->
        <test-method status="PASS" signature="afterClass()[pri:0, instance:Annotations.Basic@34033bd0]" name="afterClass" is-config="true" duration-ms="1" started-at="2022-05-26T01:09:29Z" finished-at="2022-05-26T01:09:29Z">
          <reporter-output>
          </reporter-output>
        </test-method> <!-- afterClass -->
        <test-method status="PASS" signature="afterTest()[pri:0, instance:Annotations.Basic@34033bd0]" name="afterTest" is-config="true" duration-ms="0" started-at="2022-05-26T01:09:29Z" finished-at="2022-05-26T01:09:29Z">
          <reporter-output>
          </reporter-output>
        </test-method> <!-- afterTest -->
      </class> <!-- Annotations.Basic -->
    </test> <!-- Basic Test1 -->
    <test name="Basic Test2" duration-ms="26" started-at="2022-05-26T01:09:29Z" finished-at="2022-05-26T01:09:29Z">
      <class name="Attributes.Priority">
        <test-method status="PASS" signature="watermelon()[pri:-20, instance:Attributes.Priority@3f0ee7cb]" name="watermelon" duration-ms="1" started-at="2022-05-26T01:09:29Z" finished-at="2022-05-26T01:09:29Z">
          <reporter-output>
          </reporter-output>
        </test-method> <!-- watermelon -->
      </class> <!-- Attributes.Priority -->
      <class name="Annotations.Basic">
        <test-method status="PASS" signature="beforeSuite()[pri:0, instance:Annotations.Basic@34033bd0]" name="beforeSuite" is-config="true" duration-ms="17" started-at="2022-05-26T01:09:29Z" finished-at="2022-05-26T01:09:29Z">
          <reporter-output>
          </reporter-output>
        </test-method> <!-- beforeSuite -->
        <test-method status="PASS" signature="afterSuite()[pri:0, instance:Annotations.Basic@34033bd0]" name="afterSuite" is-config="true" duration-ms="2" started-at="2022-05-26T01:09:29Z" finished-at="2022-05-26T01:09:29Z">
          <reporter-output>
          </reporter-output>
        </test-method> <!-- afterSuite -->
      </class> <!-- Annotations.Basic -->
      <class name="Attributes.DependsOn">
        <test-method status="PASS" signature="testCase3()[pri:0, instance:Attributes.DependsOn@c818063]" name="testCase3" duration-ms="0" started-at="2022-05-26T01:09:29Z" finished-at="2022-05-26T01:09:29Z">
          <reporter-output>
          </reporter-output>
        </test-method> <!-- testCase3 -->
      </class> <!-- Attributes.DependsOn -->
      <class name="Attributes.DependsOn2">
        <test-method status="PASS" signature="testCase3()[pri:0, instance:Attributes.DependsOn2@2ff4f00f]" name="testCase3" duration-ms="1" started-at="2022-05-26T01:09:29Z" finished-at="2022-05-26T01:09:29Z">
          <reporter-output>
          </reporter-output>
        </test-method> <!-- testCase3 -->
        <test-method status="PASS" signature="testCase2()[pri:0, instance:Attributes.DependsOn2@2ff4f00f]" name="testCase2" duration-ms="0" started-at="2022-05-26T01:09:29Z" finished-at="2022-05-26T01:09:29Z">
          <reporter-output>
          </reporter-output>
        </test-method> <!-- testCase2 -->
      </class> <!-- Attributes.DependsOn2 -->
    </test> <!-- Basic Test2 -->
  </suite> <!-- Basic Suite -->
</testng-results>
